<?xml version="1.0" encoding="UTF-8"?>
<!-- Generated by org.testng.reporters.JUnitReportReporter -->
<testsuite hostname="DESKTOP-C3H4VQE" failures="0" tests="1" name="Tests.CreatCourseTest" time="10.664" errors="0" timestamp="2023-07-09T05:56:34 EET" skipped="0">
  <testcase classname="Tests.CreatCourseTest" name="UserCanLogin_AndCreateCourse" time="10.664"/>
  <system-out/>
</testsuite> <!-- Tests.CreatCourseTest -->
