<?xml version="1.0" encoding="UTF-8"?>
<!-- Generated by org.testng.reporters.JUnitReportReporter -->
<testsuite hostname="DESKTOP-C3H4VQE" failures="0" tests="1" name="Tests.CreatTaskTest" time="6.764" errors="0" timestamp="2023-07-09T00:59:37 EET" skipped="0">
  <testcase classname="Tests.CreatTaskTest" name="createCourseScenarioTest" time="6.764"/>
  <system-out/>
</testsuite> <!-- Tests.CreatTaskTest -->
